c:\users\scrci\downloads\journey_detour-before_refactor\journey_detour-before_refactor\luahook\x64\debug\journey_detour.pch
c:\users\scrci\downloads\journey_detour-before_refactor\journey_detour-before_refactor\luahook\x64\debug\vc143.pdb
c:\users\scrci\downloads\journey_detour-before_refactor\journey_detour-before_refactor\luahook\x64\debug\vc143.idb
c:\users\scrci\downloads\journey_detour-before_refactor\journey_detour-before_refactor\luahook\x64\debug\stdafx.obj
c:\users\scrci\downloads\journey_detour-before_refactor\journey_detour-before_refactor\luahook\x64\debug\utils.obj
c:\users\scrci\downloads\journey_detour-before_refactor\journey_detour-before_refactor\luahook\x64\debug\menu.obj
c:\users\scrci\downloads\journey_detour-before_refactor\journey_detour-before_refactor\luahook\x64\debug\lua.obj
c:\users\scrci\downloads\journey_detour-before_refactor\journey_detour-before_refactor\luahook\x64\debug\hookutils.obj
c:\users\scrci\downloads\journey_detour-before_refactor\journey_detour-before_refactor\luahook\x64\debug\journey_detour.obj
c:\users\scrci\downloads\journey_detour-before_refactor\journey_detour-before_refactor\luahook\x64\debug\game.obj
c:\users\scrci\downloads\journey_detour-before_refactor\journey_detour-before_refactor\luahook\x64\debug\console.obj
c:\users\scrci\downloads\journey_detour-before_refactor\journey_detour-before_refactor\luahook\x64\debug\journey_detour.pchast
c:\users\scrci\downloads\journey_detour-before_refactor\journey_detour-before_refactor\luahook\x64\debug\console.nativecodeanalysis.xml
c:\users\scrci\downloads\journey_detour-before_refactor\journey_detour-before_refactor\luahook\x64\debug\game.nativecodeanalysis.xml
c:\users\scrci\downloads\journey_detour-before_refactor\journey_detour-before_refactor\luahook\x64\debug\hookutils.nativecodeanalysis.xml
c:\users\scrci\downloads\journey_detour-before_refactor\journey_detour-before_refactor\luahook\x64\debug\journey_detour.nativecodeanalysis.xml
c:\users\scrci\downloads\journey_detour-before_refactor\journey_detour-before_refactor\luahook\x64\debug\lua.nativecodeanalysis.xml
c:\users\scrci\downloads\journey_detour-before_refactor\journey_detour-before_refactor\luahook\x64\debug\menu.nativecodeanalysis.xml
c:\users\scrci\downloads\journey_detour-before_refactor\journey_detour-before_refactor\luahook\x64\debug\stdafx.nativecodeanalysis.xml
c:\users\scrci\downloads\journey_detour-before_refactor\journey_detour-before_refactor\luahook\x64\debug\utils.nativecodeanalysis.xml
c:\users\scrci\downloads\journey_detour-before_refactor\journey_detour-before_refactor\x64\debug\journey_detour.pdb
c:\users\scrci\downloads\journey_detour-before_refactor\journey_detour-before_refactor\luahook\x64\debug\journey_detour.tlog\cl.command.1.tlog
c:\users\scrci\downloads\journey_detour-before_refactor\journey_detour-before_refactor\luahook\x64\debug\journey_detour.tlog\cl.read.1.tlog
c:\users\scrci\downloads\journey_detour-before_refactor\journey_detour-before_refactor\luahook\x64\debug\journey_detour.tlog\cl.write.1.tlog
c:\users\scrci\downloads\journey_detour-before_refactor\journey_detour-before_refactor\luahook\x64\debug\journey_detour.tlog\link-cvtres.read.1.tlog
c:\users\scrci\downloads\journey_detour-before_refactor\journey_detour-before_refactor\luahook\x64\debug\journey_detour.tlog\link-cvtres.write.1.tlog
c:\users\scrci\downloads\journey_detour-before_refactor\journey_detour-before_refactor\luahook\x64\debug\journey_detour.tlog\link-rc.read.1.tlog
c:\users\scrci\downloads\journey_detour-before_refactor\journey_detour-before_refactor\luahook\x64\debug\journey_detour.tlog\link-rc.write.1.tlog
c:\users\scrci\downloads\journey_detour-before_refactor\journey_detour-before_refactor\luahook\x64\debug\journey_detour.tlog\link.command.1.tlog
c:\users\scrci\downloads\journey_detour-before_refactor\journey_detour-before_refactor\luahook\x64\debug\journey_detour.tlog\link.read.1.tlog
c:\users\scrci\downloads\journey_detour-before_refactor\journey_detour-before_refactor\luahook\x64\debug\journey_detour.tlog\link.read.2.tlog
c:\users\scrci\downloads\journey_detour-before_refactor\journey_detour-before_refactor\luahook\x64\debug\journey_detour.tlog\link.write.1.tlog
