C:\Program Files\Microsoft Visual Studio\2022\Community\MSBuild\Microsoft\VC\v170\Microsoft.CppBuild.targets(534,5): warning MSB8028: The intermediate directory (x64\Debug\) contains files shared from another project (Flower_Detour.vcxproj, LuaHook.vcxproj).  This can lead to incorrect clean and rebuild behavior.
  Journey_Detour.cpp
C:\Users\wolf109909\Documents\GitHub\Journey_Detour\LuaHook\Journey_Detour.cpp(382,7): warning C4101: 'status': unreferenced local variable
  custommenu.cpp
C:\Users\wolf109909\Documents\GitHub\Journey_Detour\LuaHook\custommenu.cpp(44,39): warning C4267: '=': conversion from 'size_t' to 'int', possible loss of data
C:\Users\wolf109909\Documents\GitHub\Journey_Detour\LuaHook\custommenu.cpp(67,28): warning C4267: 'initializing': conversion from 'size_t' to 'int', possible loss of data
C:\Users\wolf109909\Documents\GitHub\Journey_Detour\LuaHook\custommenu.cpp(128,22): warning C4305: 'initializing': truncation from 'double' to 'float'
C:\Users\wolf109909\Documents\GitHub\Journey_Detour\LuaHook\custommenu.cpp(130,24): warning C4305: 'initializing': truncation from 'double' to 'float'
  game.cpp
  guiconsole.cpp
C:\Users\wolf109909\Documents\GitHub\Journey_Detour\LuaHook\guiconsole.cpp(17,34): warning C4305: 'initializing': truncation from 'double' to 'float'
C:\Users\wolf109909\Documents\GitHub\Journey_Detour\LuaHook\guiconsole.cpp(60,12): warning C4244: 'initializing': conversion from 'double' to 'float', possible loss of data
  luahooks.cpp
  render.cpp
C:\Users\wolf109909\Documents\GitHub\Journey_Detour\LuaHook\render.cpp(30,83): warning C4305: 'argument': truncation from 'double' to 'float'
  Generating Code...
game.obj : error LNK2005: "void * * Game::LuaState" (?LuaState@Game@@3PEAPEAXEA) already defined in Journey_Detour.obj
game.obj : error LNK2005: "unsigned char Game::someinteger" (?someinteger@Game@@3EA) already defined in Journey_Detour.obj
render.obj : error LNK2005: "void * * Game::LuaState" (?LuaState@Game@@3PEAPEAXEA) already defined in Journey_Detour.obj
render.obj : error LNK2005: "unsigned char Game::someinteger" (?someinteger@Game@@3EA) already defined in Journey_Detour.obj
custommenu.obj : error LNK2005: "void * * Game::LuaState" (?LuaState@Game@@3PEAPEAXEA) already defined in Journey_Detour.obj
custommenu.obj : error LNK2005: "unsigned char Game::someinteger" (?someinteger@Game@@3EA) already defined in Journey_Detour.obj
guiconsole.obj : error LNK2005: "void * * Game::LuaState" (?LuaState@Game@@3PEAPEAXEA) already defined in Journey_Detour.obj
guiconsole.obj : error LNK2005: "unsigned char Game::someinteger" (?someinteger@Game@@3EA) already defined in Journey_Detour.obj
luahooks.obj : error LNK2005: "void * * Game::LuaState" (?LuaState@Game@@3PEAPEAXEA) already defined in Journey_Detour.obj
luahooks.obj : error LNK2005: "unsigned char Game::someinteger" (?someinteger@Game@@3EA) already defined in Journey_Detour.obj
game.obj : error LNK2001: unresolved external symbol "unsigned __int64 Game::BaseGame" (?BaseGame@Game@@3_KA)
game.obj : error LNK2001: unresolved external symbol "unsigned __int64 Game::BaseRender" (?BaseRender@Game@@3_KA)
render.obj : error LNK2001: unresolved external symbol "unsigned __int64 Game::BaseRender" (?BaseRender@Game@@3_KA)
custommenu.obj : error LNK2001: unresolved external symbol "unsigned __int64 Game::BaseRender" (?BaseRender@Game@@3_KA)
guiconsole.obj : error LNK2001: unresolved external symbol "unsigned __int64 Game::BaseRender" (?BaseRender@Game@@3_KA)
game.obj : error LNK2001: unresolved external symbol "unsigned __int64 Game::BaseMatchmaker" (?BaseMatchmaker@Game@@3_KA)
C:\Users\wolf109909\Documents\GitHub\Journey_Detour\x64\Debug\Journey_Detour.dll : fatal error LNK1120: 3 unresolved externals
