c:\program files (x86)\steam\steamapps\common\journey\actf\luahook\x64\debug\luahook.pch
c:\program files (x86)\steam\steamapps\common\journey\actf\luahook\x64\debug\vc143.pdb
c:\program files (x86)\steam\steamapps\common\journey\actf\luahook\x64\debug\vc143.idb
c:\program files (x86)\steam\steamapps\common\journey\actf\luahook\x64\debug\stdafx.obj
c:\program files (x86)\steam\steamapps\common\journey\actf\luahook\x64\debug\luahook.obj
c:\users\14862\documents\github\journey_detour\luahook\x64\debug\luahook.pch
c:\users\14862\documents\github\journey_detour\luahook\x64\debug\vc143.pdb
c:\users\14862\documents\github\journey_detour\luahook\x64\debug\vc143.idb
c:\users\14862\documents\github\journey_detour\luahook\x64\debug\stdafx.obj
c:\users\14862\documents\github\journey_detour\luahook\x64\debug\luahook.obj
c:\program files (x86)\steam\steamapps\common\journey\actf\x64\debug\luahook.dll
c:\program files (x86)\steam\steamapps\common\journey\actf\luahook\x64\debug\luahook.ilk
c:\program files (x86)\steam\steamapps\common\journey\actf\x64\debug\luahook.pdb
c:\users\14862\documents\github\journey_detour\x64\debug\luahook.dll
c:\users\14862\documents\github\journey_detour\luahook\x64\debug\luahook.ilk
c:\users\14862\documents\github\journey_detour\x64\debug\luahook.pdb
c:\users\14862\documents\github\journey_detour\luahook\x64\debug\luahook.tlog\cl.command.1.tlog
c:\users\14862\documents\github\journey_detour\luahook\x64\debug\luahook.tlog\cl.read.1.tlog
c:\users\14862\documents\github\journey_detour\luahook\x64\debug\luahook.tlog\cl.write.1.tlog
c:\users\14862\documents\github\journey_detour\luahook\x64\debug\luahook.tlog\link.command.1.tlog
c:\users\14862\documents\github\journey_detour\luahook\x64\debug\luahook.tlog\link.read.1.tlog
c:\users\14862\documents\github\journey_detour\luahook\x64\debug\luahook.tlog\link.write.1.tlog
